<?xml version="1.0" encoding="UTF-8"?>
<coverage generated="1518492208775" clover="3.2.0">
  <project timestamp="1518492208775" name="All files">
    <metrics statements="0" coveredstatements="0" conditionals="0" coveredconditionals="0" methods="2" coveredmethods="2" elements="2" coveredelements="2" complexity="0" loc="0" ncloc="0" packages="1" files="1" classes="1">
      <file name="DataApi.js" path="/home/ricardo/open-source/advanced-react/lib/DataApi.js">
        <metrics statements="0" coveredstatements="0" conditionals="0" coveredconditionals="0" methods="2" coveredmethods="2"/>
      </file>
    </metrics>
  </project>
</coverage>
