{"/home/ricardo/open-source/advanced-react/lib/DataApi.js": {"path":"/home/ricardo/open-source/advanced-react/lib/DataApi.js","statementMap":{},"fnMap":{"0":{"name":"(anonymous_0)","decl":{"start":{"line":2,"column":2},"end":{"line":2,"column":3}},"loc":{"start":{"line":2,"column":15},"end":{"line":4,"column":3}},"line":2},"1":{"name":"(anonymous_1)","decl":{"start":{"line":5,"column":2},"end":{"line":5,"column":3}},"loc":{"start":{"line":5,"column":14},"end":{"line":7,"column":3}},"line":5}},"branchMap":{},"s":{},"f":{"0":1,"1":1},"b":{},"_coverageSchema":"332fd63041d2c1bcb487cc26dd0d5f7d97098a6c","hash":"e02d9dbe89faef6893c99364143a309a8bb03b13"}
}
